<?xml version="1.0" encoding="UTF-8"?>
<testng-results ignored="0" total="6" passed="6" failed="0" skipped="0">
  <reporter-output>
  </reporter-output>
  <suite started-at="2019-08-31T21:53:49 EEST" name="Suite" finished-at="2019-08-31T21:53:49 EEST" duration-ms="73">
    <groups>
    </groups>
    <test started-at="2019-08-31T21:53:49 EEST" name="Test" finished-at="2019-08-31T21:53:49 EEST" duration-ms="73">
      <class name="qaclickacademy.AppiumTest">
        <test-method signature="IOSApps()[pri:0, instance:qaclickacademy.AppiumTest@4d1c00d0]" started-at="2019-08-31T21:53:49 EEST" name="IOSApps" finished-at="2019-08-31T21:53:49 EEST" duration-ms="0" status="PASS">
          <reporter-output>
          </reporter-output>
        </test-method> <!-- IOSApps -->
        <test-method signature="NativeAPpAndroid()[pri:0, instance:qaclickacademy.AppiumTest@4d1c00d0]" started-at="2019-08-31T21:53:49 EEST" name="NativeAPpAndroid" finished-at="2019-08-31T21:53:49 EEST" duration-ms="0" status="PASS">
          <reporter-output>
          </reporter-output>
        </test-method> <!-- NativeAPpAndroid -->
      </class> <!-- qaclickacademy.AppiumTest -->
      <class name="qaclickacademy.RESTAPITest">
        <test-method signature="deleteTwitter()[pri:0, instance:qaclickacademy.RESTAPITest@79079097]" started-at="2019-08-31T21:53:49 EEST" name="deleteTwitter" finished-at="2019-08-31T21:53:49 EEST" duration-ms="0" status="PASS">
          <reporter-output>
          </reporter-output>
        </test-method> <!-- deleteTwitter -->
        <test-method signature="postJira()[pri:0, instance:qaclickacademy.RESTAPITest@79079097]" started-at="2019-08-31T21:53:49 EEST" name="postJira" finished-at="2019-08-31T21:53:49 EEST" duration-ms="0" status="PASS">
          <reporter-output>
          </reporter-output>
        </test-method> <!-- postJira -->
      </class> <!-- qaclickacademy.RESTAPITest -->
      <class name="qaclickacademy.SeleniumTest">
        <test-method signature="BrowserAUtomation()[pri:0, instance:qaclickacademy.SeleniumTest@3bf7ca37]" started-at="2019-08-31T21:53:49 EEST" name="BrowserAUtomation" finished-at="2019-08-31T21:53:49 EEST" duration-ms="16" status="PASS">
          <reporter-output>
          </reporter-output>
        </test-method> <!-- BrowserAUtomation -->
        <test-method signature="elementsUi()[pri:0, instance:qaclickacademy.SeleniumTest@3bf7ca37]" started-at="2019-08-31T21:53:49 EEST" name="elementsUi" finished-at="2019-08-31T21:53:49 EEST" duration-ms="0" status="PASS">
          <reporter-output>
          </reporter-output>
        </test-method> <!-- elementsUi -->
      </class> <!-- qaclickacademy.SeleniumTest -->
    </test> <!-- Test -->
  </suite> <!-- Suite -->
</testng-results>
