<?xml version="1.0" encoding="UTF-8"?>
<testng-results ignored="0" total="4" passed="4" failed="0" skipped="0">
  <reporter-output>
  </reporter-output>
  <suite started-at="2019-08-31T13:41:00 EEST" name="Suite" finished-at="2019-08-31T13:41:00 EEST" duration-ms="74">
    <groups>
    </groups>
    <test started-at="2019-08-31T13:41:00 EEST" name="Test" finished-at="2019-08-31T13:41:00 EEST" duration-ms="74">
      <class name="qaclickacademy.RESTAPITest">
        <test-method signature="deleteTwitter()[pri:0, instance:qaclickacademy.RESTAPITest@5d20e46]" started-at="2019-08-31T13:41:00 EEST" name="deleteTwitter" finished-at="2019-08-31T13:41:00 EEST" duration-ms="1" status="PASS">
          <reporter-output>
          </reporter-output>
        </test-method> <!-- deleteTwitter -->
        <test-method signature="postJira()[pri:0, instance:qaclickacademy.RESTAPITest@5d20e46]" started-at="2019-08-31T13:41:00 EEST" name="postJira" finished-at="2019-08-31T13:41:00 EEST" duration-ms="1" status="PASS">
          <reporter-output>
          </reporter-output>
        </test-method> <!-- postJira -->
      </class> <!-- qaclickacademy.RESTAPITest -->
      <class name="qaclickacademy.SeleniumTest">
        <test-method signature="BrowserAUtomation()[pri:0, instance:qaclickacademy.SeleniumTest@7364985f]" started-at="2019-08-31T13:41:00 EEST" name="BrowserAUtomation" finished-at="2019-08-31T13:41:00 EEST" duration-ms="10" status="PASS">
          <reporter-output>
          </reporter-output>
        </test-method> <!-- BrowserAUtomation -->
        <test-method signature="elementsUi()[pri:0, instance:qaclickacademy.SeleniumTest@7364985f]" started-at="2019-08-31T13:41:00 EEST" name="elementsUi" finished-at="2019-08-31T13:41:00 EEST" duration-ms="1" status="PASS">
          <reporter-output>
          </reporter-output>
        </test-method> <!-- elementsUi -->
      </class> <!-- qaclickacademy.SeleniumTest -->
    </test> <!-- Test -->
  </suite> <!-- Suite -->
</testng-results>
