<?xml version="1.0" encoding="UTF-8"?>
<!-- Generated by org.testng.reporters.JUnitXMLReporter -->
<testsuite ignored="0" hostname="DESKTOP-KRNCFTL" failures="0" tests="4" name="Test" time="0.074" errors="0" timestamp="2019-08-31T13:41:00 EEST">
  <testcase classname="qaclickacademy.SeleniumTest" name="BrowserAUtomation" time="0.01"/>
  <testcase classname="qaclickacademy.SeleniumTest" name="elementsUi" time="0.001"/>
  <testcase classname="qaclickacademy.RESTAPITest" name="deleteTwitter" time="0.001"/>
  <testcase classname="qaclickacademy.RESTAPITest" name="postJira" time="0.001"/>
</testsuite> <!-- Test -->
